1 0
2 1
3 2
4 3
5 4
6 5
7 6
8 7
9 8
10 9
11 10
12 11
13 12
14 13
15 14
16 15
17 16
18 17
19 18
20 19
21 20
22 21
23 22
24 23
25 24
26 25
27 26
28 27
29 28
30 29
31 30
32 31
33 32
34 33
35 34
36 35
37 36
38 37
39 38
40 39
41 40
42 41
43 42
44 43
45 44
46 45
47 46
48 47
49 48
50 49
51 50
52 51
53 52
54 53
55 54
56 55
57 56
58 57
59 58
60 59
61 60
62 61
63 62
64 63
65 64
66 65
67 66
68 67
69 68
70 69
71 70
72 71
73 72
74 73
75 74
76 75
77 76
78 77
79 78
80 79
81 80
82 81
83 82
84 83
85 84
86 85
87 86
88 87
89 88
90 89
91 90
92 91
93 92
94 93
95 94
96 95
97 96
98 97
99 98
100 99
101 100
102 101
103 102
104 103
105 104
106 105
107 106
108 107
109 108
110 109
111 110
112 111
113 112
114 113
115 114
116 115
117 116
118 117
119 118
120 119
121 120
122 121
123 122
124 123
125 124
126 125
127 126
128 127
129 128
130 129
131 130
132 131
133 132
134 133
135 134
136 135
137 136
138 137
139 138
140 139
141 140
142 141
143 142
144 143
145 144
146 145
147 146
148 147
149 148
150 149
151 150
152 151
153 152
154 153
155 154
156 155
157 156
158 157
159 158
160 159
161 160
162 161
163 162
164 163
165 164
166 165
167 166
168 167
169 168
170 169
171 170
172 171
173 172
174 173
175 174
176 175
177 176
178 177
179 178
180 179
181 180
182 181
183 182
184 183
185 184
186 185
187 186
188 187
189 188
190 189
191 190
192 191
193 192
194 193
195 194
196 195
197 196
198 197
199 198
200 199
200 201
200 202
201 200
202 203
203 204
204 205
205 206
206 207
207 208
208 209
209 210
210 211
211 212
212 213
213 214
214 215
215 216
216 217
217 218
218 219
219 220
220 221
221 222
222 223
223 224
224 225
225 226
226 227
227 228
228 229
229 230
230 231
231 232
232 233
233 234
234 235
235 236
236 237
237 238
238 239
239 240
240 241
241 242
242 243
243 244
244 245
245 246
246 247
246 248
247 249
248 250
249 251
250 252
251 253
252 254
253 255
254 256
255 257
256 258
257 259
258 260
259 261
260 262
261 263
262 264
263 265
264 266
265 267
266 268
267 269
268 270
269 271
270 272
271 273
272 274
273 275
274 276
275 277
276 278
277 279
278 280
279 281
280 282
281 283
282 284
283 285
284 286
285 287
286 288
287 289
288 290
289 291
290 292
291 293
292 294
293 295
294 296
295 297
296 298
297 299
298 300
299 301
300 302
301 303
302 304
303 305
304 306
305 307
306 308
307 309
308 310
309 311
310 312
311 313
312 314
313 315
314 316
315 317
316 318
317 319
318 320
319 321
320 322
320 324
320 326
321 323
322 325
323 327
324 328
325 329
326 330
327 331
328 332
329 333
330 334
331 335
332 336
333 337
334 338
335 339
336 340
337 341
338 342
339 343
340 344
341 345
342 346
343 347
344 348
345 349
346 350
347 351
348 352
349 353
350 354
351 355
352 356
353 357
354 358
355 359
356 360
357 361
358 362
359 363
360 364
361 365
362 366
363 367
364 368
365 369
366 370
367 371
368 372
369 373
370 374
371 375
372 376
373 377
374 378
375 379
376 380
377 381
378 382
378 385
378 386
379 383
380 384
381 387
382 388
383 389
384 390
385 391
386 392
387 393
388 394
389 395
389 399
390 396
391 397
392 398
393 400
394 401
395 402
396 403
397 404
398 405
399 406
400 407
401 408
402 409
403 410
404 411
405 412
406 413
407 414
408 415
409 416
410 417
411 418
412 419
413 420
414 421
415 422
416 423
417 424
418 425
419 426
420 427
421 428
422 429
423 430
424 431
425 432
426 433
427 434
428 435
429 436
430 437
431 438
432 439
433 440
434 441
435 442
436 443
437 444
438 445
439 446
440 447
441 448
442 449
443 450
444 451
445 452
446 453
447 454
448 455
449 456
450 457
451 458
452 459
453 460
454 461
455 462
456 463
457 464
458 465
459 466
460 467
461 468
462 469
463 470
464 471
465 472
466 473
467 474
468 475
469 476
470 477
471 478
472 479
473 480
474 481
475 482
476 483
477 484
478 485
479 486
480 487
481 488
482 489
483 490
484 491
485 492
486 493
487 494
488 495
489 496
490 497
491 498
492 499
493 500
494 501
495 502
496 503
497 504
498 505
499 506
500 507
501 508
502 509
503 510
504 511
505 512
506 513
507 514
508 515
509 516
510 517
511 518
512 519
513 520
514 521
515 522
516 523
517 524
518 525
519 526
520 527
521 528
522 529
523 530
524 531
525 532
526 533
527 534
528 535
529 536
530 537
531 538
532 539
533 540
534 541
535 542
536 543
537 544
538 545
539 546
540 547
541 548
542 549
543 550
544 551
545 552
546 553
547 554
548 555
549 556
550 557
551 558
552 559
553 560
554 561
555 562
556 563
557 564
558 565
559 566
560 567
561 568
562 569
563 570
564 571
565 572
566 573
567 574
568 575
569 576
570 577
571 578
572 579
573 580
574 581
575 582
576 583
577 584
578 585
579 586
580 587
581 588
582 589
583 590
584 591
585 592
586 593
587 594
587 596
587 597
588 595
589 598
590 599
591 600
592 601
593 602
594 603
595 604
596 605
597 606
598 607
599 608
600 609
601 610
602 611
603 612
604 613
605 614
606 615
607 616
608 617
609 618
610 619
611 620
612 621
613 622
614 623
615 624
616 625
617 626
618 627
619 628
620 629
621 630
622 631
623 632
624 633
625 634
626 635
627 636
628 637
629 638
629 644
630 639
631 640
632 641
633 642
634 643
635 645
636 646
637 647
638 648
639 649
640 650
641 651
642 652
643 653
644 654
645 655
646 656
647 657
648 658
649 659
650 660
651 661
652 662
653 663
654 664
655 665
656 666
657 667
658 668
659 669
660 670
661 671
662 672
663 673
664 674
665 675
666 676
667 677
668 678
669 679
670 680
671 681
672 682
673 683
674 684
675 685
676 686
677 687
678 688
679 689
680 690
681 691
682 692
683 693
684 694
685 695
686 696
687 697
688 698
689 699
690 700
691 701
692 702
693 703
694 704
695 705
696 706
697 707
698 708
699 709
700 710
701 711
702 712
703 713
704 714
705 715
706 716
707 717
708 718
709 719
710 720
711 721
712 722
713 723
714 724
715 725
716 726
717 727
718 728
719 729
720 730
721 731
722 732
723 733
724 734
725 735
726 736
727 737
728 738
729 739
730 740
731 741
732 742
733 743
734 744
735 745
736 746
737 747
