1 0
1 1
1 2
1 3
1 5
1 6
1 7
1 8
1 9
1 10
1 11
1 12
1 13
1 14
2 4
3 15
4 16
5 17
5 24
5 25
5 27
5 28
5 30
5 34
5 35
5 36
5 37
5 38
5 39
5 40
5 42
5 43
5 44
5 45
5 46
5 47
5 48
5 49
5 51
5 52
5 53
5 54
5 55
5 56
5 57
5 58
5 59
5 60
5 61
5 62
5 63
5 64
5 65
5 67
5 71
5 72
5 73
5 74
5 75
5 76
5 100
5 101
5 102
5 103
5 104
5 105
5 106
5 107
5 108
5 109
5 110
5 111
5 112
5 114
5 115
5 116
5 117
5 118
5 120
5 122
5 125
5 126
5 127
5 129
5 131
5 132
5 133
5 134
5 135
5 139
5 140
5 142
5 143
5 144
5 145
5 147
5 150
5 152
5 153
5 155
5 157
5 158
5 159
5 160
5 161
5 162
5 163
5 164
5 165
5 166
5 167
5 170
5 171
5 172
5 173
5 174
5 175
5 176
5 177
5 178
5 179
5 180
5 181
5 182
5 183
5 184
5 185
5 186
5 188
5 189
5 190
5 191
5 192
5 193
5 195
5 196
5 198
5 203
5 204
5 205
5 206
5 208
5 210
5 212
5 214
5 215
5 216
5 217
5 219
5 220
5 221
5 222
5 223
5 225
5 226
5 227
5 228
5 229
5 230
5 232
5 234
5 235
5 236
5 237
5 238
5 239
5 240
5 241
5 242
5 243
5 244
5 245
5 246
5 247
5 248
5 249
5 250
5 251
5 252
5 253
5 254
5 255
5 256
5 257
5 258
5 259
5 260
5 261
5 262
5 263
5 264
5 265
5 266
5 267
5 269
5 270
5 271
5 272
5 274
5 275
5 276
5 277
5 278
5 279
5 280
5 281
5 283
5 284
5 286
5 287
5 288
5 290
5 291
5 292
5 293
5 294
5 295
5 296
5 297
5 298
5 299
5 300
5 303
5 307
5 319
5 320
5 329
5 331
5 332
5 339
5 341
5 342
5 343
5 344
5 345
5 346
5 349
5 354
5 359
5 360
5 361
5 362
5 364
5 365
5 366
5 368
5 369
5 370
5 371
5 373
5 374
5 376
5 377
5 378
5 379
5 380
5 381
5 382
5 383
5 384
5 385
5 386
5 387
5 389
5 390
5 392
5 393
5 395
5 396
5 398
5 400
5 401
5 405
5 406
5 408
5 409
5 411
5 412
5 413
5 414
5 415
5 416
5 417
5 418
5 419
5 421
5 422
5 423
5 425
5 426
5 427
5 428
5 430
5 431
5 432
5 433
5 434
5 436
5 437
5 438
5 439
5 440
5 442
5 443
5 444
5 445
5 447
5 448
5 451
5 452
5 453
5 454
5 456
5 457
5 459
5 460
5 461
5 462
5 463
5 464
5 467
5 468
5 469
5 470
5 473
5 474
5 475
5 476
5 477
5 478
5 479
5 480
5 481
5 482
5 483
5 484
5 485
5 486
5 487
5 491
5 492
5 493
5 495
5 496
5 498
5 500
5 501
5 502
5 503
5 505
5 506
5 507
5 508
5 510
5 511
5 515
5 516
5 517
5 518
5 520
5 521
5 523
5 524
5 525
5 526
5 527
5 528
5 529
5 530
5 531
5 532
5 533
5 534
5 535
5 538
5 539
5 540
5 543
5 544
5 551
5 553
5 556
5 567
5 568
5 570
5 572
5 573
5 574
5 575
5 576
5 577
5 578
5 579
5 580
5 581
5 582
5 583
5 586
5 589
5 590
5 591
5 592
5 595
5 600
5 601
5 602
5 604
5 613
5 615
5 617
5 619
5 620
5 621
5 622
5 623
5 624
5 625
5 626
5 627
5 628
5 629
5 630
5 631
5 632
5 633
5 634
5 635
5 636
5 637
5 639
5 640
5 642
5 646
5 647
5 648
5 649
5 651
5 652
5 655
5 657
5 658
5 660
5 661
5 663
5 665
5 667
5 668
5 669
5 670
5 672
5 673
5 674
5 675
5 676
5 677
5 678
5 681
5 683
5 684
5 691
5 692
5 693
5 695
5 697
5 699
5 700
5 703
5 704
5 705
5 707
5 710
5 711
5 712
5 714
5 715
5 716
5 717
5 719
5 720
5 721
5 722
5 723
5 724
5 725
5 727
5 729
5 730
5 731
5 732
5 734
5 735
5 736
5 737
5 738
5 739
5 740
5 742
5 743
5 744
5 747
6 18
7 19
7 21
7 23
7 26
7 29
7 31
7 33
7 77
7 79
7 81
7 82
7 88
7 90
7 91
7 95
7 146
7 149
7 151
7 154
7 156
7 694
7 696
8 20
9 22
10 32
11 41
12 50
13 66
14 68
14 69
14 70
15 78
15 89
16 80
16 83
16 84
16 85
16 86
16 87
16 92
16 93
16 94
16 96
16 97
16 98
16 99
17 113
18 119
18 121
18 124
19 123
20 128
21 130
22 136
22 137
22 138
22 141
23 148
24 168
25 169
25 187
26 194
26 197
26 199
26 200
26 201
26 202
27 207
28 209
29 211
30 213
31 218
32 224
33 231
34 233
35 268
36 273
36 285
37 282
38 289
39 301
40 302
40 304
40 305
40 306
40 308
40 309
40 310
40 311
40 312
40 313
40 314
40 315
40 317
40 318
40 321
40 322
40 323
40 324
40 325
40 326
40 327
40 328
41 316
42 330
42 333
42 334
42 335
42 336
42 337
42 338
42 340
42 347
42 350
42 351
42 352
42 353
42 355
42 356
42 357
43 348
44 358
45 363
45 367
46 372
46 375
47 388
48 391
48 394
48 402
48 403
49 397
49 399
50 404
51 407
52 410
53 420
54 424
55 429
56 435
57 441
58 446
59 449
60 450
61 455
62 458
63 465
64 466
65 471
65 472
66 488
67 489
68 490
69 494
69 499
70 497
71 504
71 513
72 509
73 512
74 514
75 519
76 522
77 536
78 537
78 542
78 545
78 546
78 547
78 549
78 550
78 552
78 554
78 555
78 557
78 558
78 559
78 560
78 561
78 562
78 563
78 565
78 569
79 541
80 548
80 564
81 566
82 571
83 584
83 585
83 587
84 588
84 593
84 594
84 596
84 597
84 598
84 599
85 603
85 609
85 611
86 605
86 606
86 607
86 608
86 610
86 612
86 614
86 616
86 618
87 638
87 641
87 643
87 644
87 645
88 650
88 656
89 653
90 654
91 659
92 662
93 664
93 666
94 671
94 682
94 685
94 686
94 687
94 688
94 689
94 690
95 679
95 680
96 698
97 701
97 708
98 702
98 709
99 706
100 713
101 718
102 726
102 728
103 733
104 741
105 745
105 746
