1 0
2 1
2 2
2 3
2 5
2 6
2 8
2 9
2 10
2 11
2 12
2 13
2 14
3 4
4 7
5 15
6 16
7 17
8 18
9 19
9 21
9 146
9 149
9 151
9 154
9 156
10 20
11 22
12 23
13 24
14 25
15 26
16 27
17 28
18 29
19 30
20 31
21 32
22 33
23 34
23 36
23 38
23 39
23 40
23 42
23 43
23 44
23 45
23 46
23 47
23 48
23 49
23 51
23 52
23 53
23 55
23 57
23 58
23 59
23 60
23 61
23 62
23 67
23 72
23 74
23 75
23 100
23 101
23 102
23 103
23 104
23 105
23 107
23 108
23 109
23 111
23 112
23 114
23 115
23 116
23 118
23 122
23 124
23 126
23 131
23 132
23 133
23 135
23 140
23 142
23 143
23 144
23 147
23 152
23 153
23 155
23 157
23 159
23 160
23 162
23 164
23 165
23 173
23 174
23 175
23 178
23 179
23 188
23 189
23 190
23 191
23 192
23 193
23 195
23 203
23 205
23 206
23 208
23 212
23 220
23 225
23 226
23 228
23 232
23 234
23 235
23 236
23 238
23 239
23 240
23 241
23 243
23 244
23 245
23 246
23 247
23 248
23 250
23 251
23 253
23 254
23 255
23 256
23 257
23 259
23 260
23 261
23 262
23 263
23 267
23 269
23 274
23 275
23 276
23 278
23 279
23 283
23 286
23 287
23 290
23 292
23 295
23 298
23 310
23 312
23 315
23 320
23 329
23 339
23 341
23 343
23 344
23 359
23 360
23 361
23 362
23 365
23 366
23 370
23 371
23 376
23 387
23 390
23 392
23 393
23 398
23 408
23 414
23 422
23 423
23 425
23 427
23 428
23 430
23 434
23 436
23 437
23 438
23 439
23 443
23 444
23 445
23 447
23 448
23 451
23 452
23 453
23 456
23 457
23 461
23 462
23 463
23 464
23 467
23 473
23 474
23 476
23 479
23 480
23 482
23 483
23 484
23 486
23 487
23 491
23 492
23 493
23 495
23 496
23 498
23 500
23 505
23 506
23 510
23 511
23 515
23 516
23 518
23 520
23 521
23 525
23 526
23 527
23 528
23 530
23 531
23 535
23 539
23 540
23 553
23 567
23 570
23 572
23 573
23 574
23 575
23 576
23 577
23 578
23 579
23 581
23 583
23 586
23 590
23 595
23 599
23 600
23 601
23 604
23 613
23 617
23 619
23 620
23 621
23 623
23 624
23 625
23 626
23 627
23 628
23 629
23 630
23 631
23 632
23 634
23 636
23 637
23 639
23 640
23 642
23 646
23 647
23 648
23 655
23 657
23 661
23 669
23 670
23 672
23 673
23 674
23 675
23 676
23 678
23 681
23 693
23 695
23 697
23 703
23 705
23 707
23 711
23 714
23 715
23 716
23 717
23 719
23 720
23 721
23 722
23 723
23 725
23 730
23 731
23 732
23 734
23 736
23 739
23 740
23 743
23 744
23 747
24 35
25 37
26 41
27 50
28 54
29 56
30 63
31 64
32 65
33 66
34 68
34 69
35 70
36 71
37 73
38 76
39 77
40 78
41 79
42 80
42 83
42 84
42 85
42 86
42 87
42 90
42 92
42 93
42 94
42 96
42 97
42 99
43 81
44 82
45 88
46 89
47 91
48 95
49 98
50 106
51 110
51 120
52 113
53 117
54 119
55 121
56 123
57 125
58 127
59 128
60 129
61 130
62 134
63 136
63 137
63 138
63 141
64 139
65 145
66 148
67 150
68 158
68 163
69 161
70 166
71 167
72 168
73 169
74 170
74 176
74 177
74 184
74 185
74 187
75 171
76 172
77 180
78 181
78 182
79 183
80 186
81 194
81 197
81 199
81 201
81 202
82 196
83 198
84 200
85 204
86 207
87 209
88 210
89 211
90 213
91 214
92 215
93 216
94 217
95 218
96 219
97 221
98 222
99 223
100 224
101 227
101 229
102 230
103 231
104 233
105 237
105 242
106 249
107 252
108 258
109 264
110 265
111 266
112 268
113 270
114 271
115 272
116 273
116 285
117 277
117 280
117 282
118 281
119 284
120 288
121 289
122 291
123 293
123 294
123 299
123 300
124 296
125 297
126 301
127 302
128 303
129 304
129 306
129 317
130 305
131 307
132 308
133 309
134 311
135 313
136 314
137 316
138 318
139 319
140 321
141 322
141 324
141 326
141 327
141 328
142 323
143 325
144 330
144 333
144 334
144 335
144 336
144 337
144 338
144 340
144 342
144 347
144 349
144 350
144 351
144 352
144 353
144 354
144 355
144 357
145 331
145 356
146 332
147 345
148 346
149 348
150 358
151 363
151 367
152 364
153 368
154 369
154 373
154 374
154 375
155 372
156 377
156 379
156 380
156 381
156 382
156 383
156 384
156 385
156 386
157 378
158 388
159 389
159 391
159 394
159 395
159 399
159 400
159 401
159 402
159 403
160 396
161 397
162 404
163 405
164 406
165 407
166 409
167 410
168 411
169 412
170 413
170 415
170 417
170 418
170 419
170 421
171 416
172 420
173 424
174 426
175 429
176 431
177 432
178 433
179 435
180 440
181 441
182 442
183 446
184 449
185 450
186 454
187 455
188 458
189 459
190 460
191 465
192 466
193 468
194 469
195 470
196 471
196 472
197 475
198 477
199 478
200 481
201 485
201 490
202 488
203 489
204 494
204 499
205 497
206 501
207 502
208 503
208 507
208 508
209 504
209 513
210 509
211 512
212 514
213 517
214 519
215 522
216 523
217 524
218 529
219 532
220 533
220 538
220 543
220 551
220 555
220 557
220 566
220 568
221 534
222 536
223 537
223 542
223 545
223 549
223 554
223 558
223 559
223 560
223 562
223 569
224 541
225 544
226 546
227 547
227 550
228 548
228 564
229 552
230 556
231 561
232 563
233 565
234 571
235 580
236 582
236 584
237 585
238 587
239 588
239 593
240 589
241 591
242 592
242 598
243 594
243 596
243 597
244 602
245 603
246 605
246 606
246 607
246 608
246 610
246 612
246 614
246 616
246 618
247 609
247 611
248 615
249 622
250 633
251 635
252 638
252 641
252 643
252 644
252 645
253 649
254 650
255 651
256 652
256 660
256 663
256 665
256 667
257 653
258 654
259 656
260 658
260 664
260 666
261 659
262 662
263 668
264 671
265 677
265 679
265 680
265 683
265 684
265 685
265 687
265 690
265 691
266 682
267 686
268 688
269 689
270 692
271 694
272 696
273 698
274 699
275 700
276 701
276 708
277 702
277 712
278 704
279 706
280 709
281 710
282 713
283 718
284 724
285 726
286 727
287 728
288 729
289 733
290 735
290 738
291 737
292 741
293 742
294 745
295 746
