1 0
2 1
3 2
4 3
5 4
6 5
7 6
8 7
9 8
10 9
11 10
12 11
13 12
14 13
14 14
15 15
16 16
17 17
18 18
19 19
20 20
21 21
22 22
23 23
24 24
25 25
26 26
27 27
28 28
29 29
30 30
31 31
32 32
33 33
34 34
35 35
36 36
37 37
38 38
39 39
40 40
41 41
42 42
43 43
44 44
45 45
46 46
47 47
48 48
49 49
50 50
51 51
52 52
53 53
54 54
55 55
56 56
57 57
58 58
59 59
60 60
61 61
62 62
63 63
64 64
65 65
66 66
67 67
68 68
68 69
69 70
70 71
71 72
72 73
73 74
74 75
75 76
76 77
77 78
78 79
79 80
79 83
79 84
79 85
79 86
79 93
80 81
81 82
82 87
83 88
84 89
85 90
86 91
87 92
87 97
87 99
88 94
89 95
90 96
91 98
92 100
93 101
94 102
95 103
96 104
97 105
98 106
99 107
100 108
101 109
102 110
103 111
104 112
105 113
106 114
107 115
108 116
109 117
110 118
111 119
112 120
113 121
114 122
115 123
116 124
117 125
118 126
119 127
120 128
121 129
122 130
123 131
124 132
125 133
126 134
127 135
128 136
129 137
130 138
131 139
132 140
133 141
134 142
135 143
136 144
137 145
138 146
139 147
140 148
141 149
142 150
143 151
144 152
145 153
146 154
147 155
148 156
149 157
150 158
150 163
151 159
152 160
153 161
153 162
154 164
155 165
156 166
157 167
158 168
159 169
160 170
161 171
162 172
163 173
164 174
165 175
166 176
167 177
167 187
168 178
169 179
170 180
171 181
171 182
172 183
173 184
174 185
175 186
176 188
177 189
178 190
179 191
179 192
179 193
179 195
179 197
179 199
179 201
179 202
180 194
181 196
182 198
183 200
184 203
185 204
186 205
187 206
188 207
189 208
190 209
191 210
192 211
193 212
194 213
195 214
196 215
197 216
198 217
199 218
200 219
201 220
202 221
203 222
204 223
205 224
206 225
207 226
208 227
209 228
210 229
211 230
212 231
213 232
214 233
215 234
216 235
216 240
217 236
218 237
219 238
220 239
221 241
222 242
223 243
224 244
225 245
226 246
227 247
227 248
228 249
229 250
230 251
231 252
232 253
233 254
234 255
235 256
236 257
237 258
238 259
239 260
240 261
241 262
242 263
243 264
244 265
245 266
246 267
247 268
248 269
249 270
250 271
251 272
252 273
253 274
254 275
255 276
256 277
257 278
258 279
259 280
260 281
261 282
262 283
263 284
264 285
265 286
266 287
267 288
268 289
268 290
268 300
269 291
270 292
271 293
272 294
273 295
274 296
275 297
276 298
277 299
278 301
279 302
280 303
281 304
282 305
283 306
284 307
285 308
286 309
287 310
288 311
289 312
290 313
291 314
292 315
293 316
294 317
295 318
296 319
297 320
298 321
299 322
299 324
299 326
299 327
299 328
300 323
301 325
302 329
303 330
304 331
305 332
306 333
307 334
308 335
309 336
310 337
311 338
312 339
313 340
314 341
315 342
315 344
315 350
316 343
317 345
318 346
319 347
320 348
321 349
322 351
323 352
324 353
325 354
326 355
327 356
328 357
329 358
330 359
331 360
332 361
332 363
332 365
332 367
333 362
334 364
335 366
336 368
337 369
337 373
337 374
337 375
338 370
339 371
340 372
341 376
342 377
343 378
344 379
345 380
346 381
347 382
347 385
347 386
348 383
349 384
350 387
350 390
350 392
350 393
350 394
350 396
350 398
350 400
350 401
350 403
351 388
352 389
352 391
353 395
353 399
354 397
355 402
356 404
357 405
358 406
359 407
360 408
361 409
362 410
363 411
364 412
365 413
366 414
367 415
368 416
369 417
370 418
371 419
372 420
373 421
374 422
375 423
376 424
377 425
378 426
379 427
380 428
381 429
382 430
383 431
384 432
385 433
386 434
387 435
388 436
389 437
390 438
391 439
392 440
393 441
394 442
395 443
396 444
397 445
398 446
399 447
400 448
401 449
402 450
403 451
404 452
405 453
406 454
407 455
408 456
409 457
410 458
411 459
412 460
413 461
414 462
415 463
416 464
417 465
418 466
419 467
419 474
420 468
421 469
422 470
423 471
423 472
424 473
425 475
426 476
427 477
428 478
429 479
430 480
431 481
432 482
433 483
434 484
435 485
436 486
436 487
436 491
437 488
438 489
439 490
440 492
441 493
442 494
443 495
444 496
445 497
446 498
447 499
448 500
449 501
450 502
451 503
452 504
453 505
454 506
455 507
456 508
457 509
458 510
459 511
459 513
460 512
461 514
462 515
463 516
464 517
465 518
465 520
465 526
465 528
466 519
467 521
468 522
469 523
470 524
471 525
472 527
473 529
474 530
475 531
476 532
477 533
477 543
477 566
477 568
478 534
479 535
480 536
481 537
482 538
483 539
483 540
483 542
483 545
483 549
483 555
483 558
483 559
483 562
484 541
485 544
486 546
487 547
488 548
489 550
490 551
491 552
492 553
493 554
494 556
495 557
496 560
497 561
498 563
499 564
500 565
501 567
502 569
503 570
504 571
505 572
505 579
506 573
507 574
507 576
508 575
509 577
510 578
511 580
512 581
513 582
514 583
515 584
516 585
517 586
517 593
517 595
517 599
518 587
519 588
520 589
521 590
522 591
523 592
524 594
524 596
524 597
525 598
526 600
527 601
528 602
529 603
530 604
531 605
531 606
531 607
531 608
531 610
531 616
531 619
532 609
532 611
533 612
534 613
535 614
536 615
537 617
538 618
539 620
540 621
541 622
542 623
543 624
544 625
544 629
544 632
544 634
545 626
546 627
547 628
548 630
549 631
550 633
551 635
552 636
553 637
554 638
554 641
554 644
555 639
556 640
557 642
558 643
559 645
560 646
561 647
562 648
563 649
564 650
565 651
566 652
567 653
568 654
569 655
570 656
571 657
572 658
573 659
574 660
575 661
576 662
577 663
577 665
578 664
579 666
580 667
581 668
582 669
583 670
584 671
585 672
586 673
587 674
588 675
589 676
590 677
591 678
591 679
591 680
592 681
593 682
594 683
595 684
596 685
597 686
598 687
598 690
599 688
600 689
601 691
602 692
603 693
604 694
605 695
606 696
607 697
608 698
609 699
610 700
611 701
612 702
613 703
614 704
615 705
616 706
617 707
618 708
619 709
620 710
621 711
622 712
623 713
624 714
625 715
626 716
627 717
628 718
629 719
630 720
631 721
632 722
633 723
634 724
635 725
636 726
637 727
638 728
639 729
640 730
641 731
642 732
643 733
644 734
645 735
646 736
647 737
648 738
649 739
650 740
651 741
652 742
653 743
654 744
655 745
656 746
657 747
